[debug] [2024-03-08T12:38:34.212Z] ----------------------------------------------------------------------
[debug] [2024-03-08T12:38:34.216Z] Command:       C:\Program Files\nodejs\node.exe C:\Users\ldruk\.npm-global\node_modules\firebase-tools\lib\bin\firebase.js init
[debug] [2024-03-08T12:38:34.216Z] CLI Version:   13.4.1
[debug] [2024-03-08T12:38:34.216Z] Platform:      win32
[debug] [2024-03-08T12:38:34.216Z] Node Version:  v20.11.0
[debug] [2024-03-08T12:38:34.217Z] Time:          Fri Mar 08 2024 13:38:34 GMT+0100 (czas środkowoeuropejski standardowy)
[debug] [2024-03-08T12:38:34.217Z] ----------------------------------------------------------------------
[debug] 
[debug] [2024-03-08T12:38:34.318Z] > command requires scopes: ["email","openid","https://www.googleapis.com/auth/cloudplatformprojects.readonly","https://www.googleapis.com/auth/firebase","https://www.googleapis.com/auth/cloud-platform"]
[debug] [2024-03-08T12:38:34.319Z] > authorizing via signed-in user (highnook@gmail.com)
[info] 
     ######## #### ########  ######## ########     ###     ######  ########
     ##        ##  ##     ## ##       ##     ##  ##   ##  ##       ##
     ######    ##  ########  ######   ########  #########  ######  ######
     ##        ##  ##    ##  ##       ##     ## ##     ##       ## ##
     ##       #### ##     ## ######## ########  ##     ##  ######  ########

You're about to initialize a Firebase project in this directory:

  C:\Users\ldruk\Desktop\pazderski-projekt-app\mypage

Before we get started, keep in mind:

  * You are initializing within an existing Firebase project directory

[info] 
=== Project Setup
[info] 
[info] First, let's associate this project directory with a Firebase project.
[info] You can create multiple project aliases by running firebase use --add, 
[info] but for now we'll just set up a default project.
[info] 
[debug] [2024-03-08T12:39:03.135Z] Using project from CLI flag: pawelpazderski-mypage
[debug] [2024-03-08T12:39:03.137Z] > refreshing access token with scopes: []
[debug] [2024-03-08T12:39:03.139Z] >>> [apiv2][query] POST https://www.googleapis.com/oauth2/v3/token [none]
[debug] [2024-03-08T12:39:03.139Z] >>> [apiv2][body] POST https://www.googleapis.com/oauth2/v3/token [omitted]
[debug] [2024-03-08T12:39:03.303Z] <<< [apiv2][status] POST https://www.googleapis.com/oauth2/v3/token 400
[debug] [2024-03-08T12:39:03.303Z] <<< [apiv2][body] POST https://www.googleapis.com/oauth2/v3/token [omitted]
[debug] [2024-03-08T12:39:03.303Z] >>> [apiv2][query] GET https://firebase.googleapis.com/v1beta1/projects/pawelpazderski-mypage [none]
[debug] [2024-03-08T12:39:03.431Z] <<< [apiv2][status] GET https://firebase.googleapis.com/v1beta1/projects/pawelpazderski-mypage 401
[debug] [2024-03-08T12:39:03.432Z] <<< [apiv2][body] GET https://firebase.googleapis.com/v1beta1/projects/pawelpazderski-mypage {"error":{"code":401,"message":"Request had invalid authentication credentials. Expected OAuth 2 access token, login cookie or other valid authentication credential. See https://developers.google.com/identity/sign-in/web/devconsole-project.","status":"UNAUTHENTICATED"}}
[debug] [2024-03-08T12:39:03.433Z] HTTP Error: 401, Request had invalid authentication credentials. Expected OAuth 2 access token, login cookie or other valid authentication credential. See https://developers.google.com/identity/sign-in/web/devconsole-project.
[debug] [2024-03-08T12:39:03.539Z] FirebaseError: HTTP Error: 401, Request had invalid authentication credentials. Expected OAuth 2 access token, login cookie or other valid authentication credential. See https://developers.google.com/identity/sign-in/web/devconsole-project.
    at responseToError (C:\Users\ldruk\.npm-global\node_modules\firebase-tools\lib\responseToError.js:49:12)
    at RetryOperation._fn (C:\Users\ldruk\.npm-global\node_modules\firebase-tools\lib\apiv2.js:297:77)
    at process.processTicksAndRejections (node:internal/process/task_queues:95:5)
[error] 
[error] Error: Failed to get Firebase project pawelpazderski-mypage. Please make sure the project exists and your account has permission to access it.
